<?xml version="1.0" encoding="UTF-8"?>
<!-- Generated by org.testng.reporters.JUnitReportReporter -->
<testsuite hostname="ENCDAPHYDLT0474" failures="0" tests="1" name="Lab4Test" time="5.115" errors="0" timestamp="2026-08-11T20:18:06 IST" skipped="0">
  <testcase classname="Lab4Test" name="searchAndFilterFlowTest" time="5.115">
    <system-out>
      <![CDATA[Step 1: Navigating to OpenCart site.
Step 2: Entering 'Mobile', clearing, and entering 'Monitors'.
Step 3: Clicking Search button.
Step 4: Verifying 'Search - Monitors' heading.
Step 5: Checking 'Search in product descriptions' checkbox.
Step 6: Verifying checkbox selection state.]]>
    </system-out>
  </testcase> <!-- searchAndFilterFlowTest -->
  <system-out>
    <![CDATA[Lab3: Edge browser started and maximized.
Step 1: Navigating to OpenCart site.
Step 2: Clicking Desktops -> Mac (1).
Step 3: Verifying 'Mac' heading.
Step 4: Sorting products by Name (A - Z).
Step 5: Clicking Add to Cart.
Step 6: Verifying success message.
Lab3: Edge browser closed.
Lab4: Edge browser started and maximized.
Step 1: Navigating to OpenCart site.
Step 2: Entering 'Mobile', clearing, and entering 'Monitors'.
Step 3: Clicking Search button.
Step 4: Verifying 'Search - Monitors' heading.
Step 5: Checking 'Search in product descriptions' checkbox.
Step 6: Verifying checkbox selection state.
Lab4: Edge browser closed.]]>
  </system-out>
</testsuite> <!-- Lab4Test -->
