<?xml version="1.0" encoding="UTF-8"?>
<testng-results ignored="0" total="1" passed="1" failed="0" skipped="0">
  <reporter-output>
  </reporter-output>
  <suite started-at="2026-08-11T22:20:09 IST" name="Default suite" finished-at="2026-08-11T22:20:16 IST" duration-ms="7012">
    <groups>
    </groups>
    <test started-at="2026-08-11T22:20:09 IST" name="Default test" finished-at="2026-08-11T22:20:16 IST" duration-ms="7012">
      <class name="Lab4Test">
        <test-method is-config="true" signature="setUp()[pri:0, instance:Lab4Test@18078bef]" started-at="2026-08-11T22:20:09 IST" name="setUp" finished-at="2026-08-11T22:20:14 IST" duration-ms="4746" status="PASS">
          <reporter-output>
          </reporter-output>
        </test-method> <!-- setUp -->
        <test-method signature="testLab4_SearchAndFilterFlow()[pri:0, instance:Lab4Test@18078bef]" started-at="2026-08-11T22:20:14 IST" name="testLab4_SearchAndFilterFlow" finished-at="2026-08-11T22:20:16 IST" duration-ms="1778" status="PASS">
          <reporter-output>
          </reporter-output>
        </test-method> <!-- testLab4_SearchAndFilterFlow -->
        <test-method is-config="true" signature="tearDown()[pri:0, instance:Lab4Test@18078bef]" started-at="2026-08-11T22:20:16 IST" name="tearDown" finished-at="2026-08-11T22:20:16 IST" duration-ms="453" status="PASS">
          <reporter-output>
          </reporter-output>
        </test-method> <!-- tearDown -->
      </class> <!-- Lab4Test -->
    </test> <!-- Default test -->
  </suite> <!-- Default suite -->
</testng-results>
