<?xml version="1.0" encoding="UTF-8"?>
<testng-results ignored="0" total="1" passed="1" failed="0" skipped="0">
  <reporter-output>
  </reporter-output>
  <suite started-at="2026-08-11T21:54:41 IST" name="Default suite" finished-at="2026-08-11T21:54:47 IST" duration-ms="6162">
    <groups>
    </groups>
    <test started-at="2026-08-11T21:54:41 IST" name="Default test" finished-at="2026-08-11T21:54:47 IST" duration-ms="6162">
      <class name="SearchTest">
        <test-method is-config="true" signature="setUp()[pri:0, instance:SearchTest@18078bef]" started-at="2026-08-11T21:54:41 IST" name="setUp" finished-at="2026-08-11T21:54:45 IST" duration-ms="4537" status="PASS">
          <reporter-output>
          </reporter-output>
        </test-method> <!-- setUp -->
        <test-method signature="testLab4_SearchAndFilterFlow()[pri:0, instance:SearchTest@18078bef]" started-at="2026-08-11T21:54:45 IST" name="testLab4_SearchAndFilterFlow" finished-at="2026-08-11T21:54:46 IST" duration-ms="1222" status="PASS">
          <reporter-output>
          </reporter-output>
        </test-method> <!-- testLab4_SearchAndFilterFlow -->
        <test-method is-config="true" signature="tearDown()[pri:0, instance:SearchTest@18078bef]" started-at="2026-08-11T21:54:46 IST" name="tearDown" finished-at="2026-08-11T21:54:47 IST" duration-ms="368" status="PASS">
          <reporter-output>
          </reporter-output>
        </test-method> <!-- tearDown -->
      </class> <!-- SearchTest -->
    </test> <!-- Default test -->
  </suite> <!-- Default suite -->
</testng-results>
