<?xml version="1.0" encoding="UTF-8"?>
<testng-results ignored="0" total="1" passed="1" failed="0" skipped="0">
  <reporter-output>
  </reporter-output>
  <suite started-at="2026-08-12T01:44:23 IST" name="Default suite" finished-at="2026-08-12T01:44:30 IST" duration-ms="6662">
    <groups>
    </groups>
    <test started-at="2026-08-12T01:44:23 IST" name="Default test" finished-at="2026-08-12T01:44:30 IST" duration-ms="6662">
      <class name="SearchTestXML">
        <test-method is-config="true" signature="setUp()[pri:0, instance:SearchTestXML@6989da5e]" started-at="2026-08-12T01:44:24 IST" name="setUp" finished-at="2026-08-12T01:44:29 IST" duration-ms="5289" status="PASS">
          <reporter-output>
          </reporter-output>
        </test-method> <!-- setUp -->
        <test-method signature="testLab4_SearchFlowUsingXMLRepository()[pri:0, instance:SearchTestXML@6989da5e]" started-at="2026-08-12T01:44:29 IST" name="testLab4_SearchFlowUsingXMLRepository" finished-at="2026-08-12T01:44:30 IST" duration-ms="1004" status="PASS">
          <reporter-output>
          </reporter-output>
        </test-method> <!-- testLab4_SearchFlowUsingXMLRepository -->
        <test-method is-config="true" signature="tearDown()[pri:0, instance:SearchTestXML@6989da5e]" started-at="2026-08-12T01:44:30 IST" name="tearDown" finished-at="2026-08-12T01:44:30 IST" duration-ms="336" status="PASS">
          <reporter-output>
          </reporter-output>
        </test-method> <!-- tearDown -->
      </class> <!-- SearchTestXML -->
    </test> <!-- Default test -->
  </suite> <!-- Default suite -->
</testng-results>
