<?xml version="1.0" encoding="UTF-8"?>
<testng-results ignored="0" total="1" passed="1" failed="0" skipped="0">
  <reporter-output>
  </reporter-output>
  <suite started-at="2026-08-12T12:39:30 IST" name="Default suite" finished-at="2026-08-12T12:39:39 IST" duration-ms="8614">
    <groups>
    </groups>
    <test started-at="2026-08-12T12:39:30 IST" name="Default test" finished-at="2026-08-12T12:39:39 IST" duration-ms="8614">
      <class name="RegisterTest">
        <test-method is-config="true" signature="setUp()[pri:0, instance:RegisterTest@5fe94a96]" started-at="2026-08-12T12:39:31 IST" name="setUp" finished-at="2026-08-12T12:39:36 IST" duration-ms="4994" status="PASS">
          <reporter-output>
          </reporter-output>
        </test-method> <!-- setUp -->
        <test-method signature="testUserRegistration(java.lang.String,java.lang.String,java.lang.String,java.lang.String,java.lang.String,java.lang.String)[pri:0, instance:RegisterTest@5fe94a96]" started-at="2026-08-12T12:39:36 IST" name="testUserRegistration" data-provider="registrationData" finished-at="2026-08-12T12:39:38 IST" duration-ms="2473" status="PASS">
          <params>
            <param index="0">
              <value>
                <![CDATA[John]]>
              </value>
            </param>
            <param index="1">
              <value>
                <![CDATA[Doe]]>
              </value>
            </param>
            <param index="2">
              <value>
                <![CDATA[johndoe99@gmail.com]]>
              </value>
            </param>
            <param index="3">
              <value>
                <![CDATA[9876543210]]>
              </value>
            </param>
            <param index="4">
              <value>
                <![CDATA[TestPass123]]>
              </value>
            </param>
            <param index="5">
              <value>
                <![CDATA[TestPass123]]>
              </value>
            </param>
          </params>
          <reporter-output>
          </reporter-output>
        </test-method> <!-- testUserRegistration -->
        <test-method is-config="true" signature="tearDown()[pri:0, instance:RegisterTest@5fe94a96]" started-at="2026-08-12T12:39:38 IST" name="tearDown" finished-at="2026-08-12T12:39:39 IST" duration-ms="473" status="PASS">
          <reporter-output>
          </reporter-output>
        </test-method> <!-- tearDown -->
      </class> <!-- RegisterTest -->
    </test> <!-- Default test -->
  </suite> <!-- Default suite -->
</testng-results>
