<?xml version="1.0" encoding="UTF-8"?>
<testng-results ignored="0" total="2" passed="2" failed="0" skipped="0">
  <reporter-output>
  </reporter-output>
  <suite started-at="2026-08-12T15:41:31 IST" name="Default suite" finished-at="2026-08-12T15:42:01 IST" duration-ms="30561">
    <groups>
    </groups>
    <test started-at="2026-08-12T15:41:31 IST" name="Default test" finished-at="2026-08-12T15:42:01 IST" duration-ms="30561">
      <class name="RegisterCSVTest">
        <test-method is-config="true" signature="setUp()[pri:0, instance:RegisterCSVTest@235834f2]" started-at="2026-08-12T15:41:31 IST" name="setUp" finished-at="2026-08-12T15:41:53 IST" duration-ms="22471" status="PASS">
          <reporter-output>
          </reporter-output>
        </test-method> <!-- setUp -->
        <test-method signature="testUserRegistrationFromCSV(java.lang.String,java.lang.String,java.lang.String,java.lang.String,java.lang.String,java.lang.String)[pri:0, instance:RegisterCSVTest@235834f2]" started-at="2026-08-12T15:41:53 IST" name="testUserRegistrationFromCSV" data-provider="csvRegistrationData" finished-at="2026-08-12T15:41:56 IST" duration-ms="2840" status="PASS">
          <params>
            <param index="0">
              <value>
                <![CDATA[John]]>
              </value>
            </param>
            <param index="1">
              <value>
                <![CDATA[Doe]]>
              </value>
            </param>
            <param index="2">
              <value>
                <![CDATA[johndoe101@gmail.com]]>
              </value>
            </param>
            <param index="3">
              <value>
                <![CDATA[9876543210]]>
              </value>
            </param>
            <param index="4">
              <value>
                <![CDATA[TestPass123]]>
              </value>
            </param>
            <param index="5">
              <value>
                <![CDATA[TestPass123]]>
              </value>
            </param>
          </params>
          <reporter-output>
          </reporter-output>
        </test-method> <!-- testUserRegistrationFromCSV -->
        <test-method is-config="true" signature="tearDown()[pri:0, instance:RegisterCSVTest@235834f2]" started-at="2026-08-12T15:41:56 IST" name="tearDown" finished-at="2026-08-12T15:41:56 IST" duration-ms="338" status="PASS">
          <reporter-output>
          </reporter-output>
        </test-method> <!-- tearDown -->
        <test-method is-config="true" signature="setUp()[pri:0, instance:RegisterCSVTest@235834f2]" started-at="2026-08-12T15:41:56 IST" name="setUp" finished-at="2026-08-12T15:41:59 IST" duration-ms="2568" status="PASS">
          <reporter-output>
          </reporter-output>
        </test-method> <!-- setUp -->
        <test-method signature="testUserRegistrationFromCSV(java.lang.String,java.lang.String,java.lang.String,java.lang.String,java.lang.String,java.lang.String)[pri:0, instance:RegisterCSVTest@235834f2]" started-at="2026-08-12T15:41:59 IST" name="testUserRegistrationFromCSV" data-provider="csvRegistrationData" finished-at="2026-08-12T15:42:01 IST" duration-ms="1976" status="PASS">
          <params>
            <param index="0">
              <value>
                <![CDATA[Alice]]>
              </value>
            </param>
            <param index="1">
              <value>
                <![CDATA[Smith]]>
              </value>
            </param>
            <param index="2">
              <value>
                <![CDATA[alicesmith102@gmail.com]]>
              </value>
            </param>
            <param index="3">
              <value>
                <![CDATA[9876543211]]>
              </value>
            </param>
            <param index="4">
              <value>
                <![CDATA[TestPass456]]>
              </value>
            </param>
            <param index="5">
              <value>
                <![CDATA[TestPass456]]>
              </value>
            </param>
          </params>
          <reporter-output>
          </reporter-output>
        </test-method> <!-- testUserRegistrationFromCSV -->
        <test-method is-config="true" signature="tearDown()[pri:0, instance:RegisterCSVTest@235834f2]" started-at="2026-08-12T15:42:01 IST" name="tearDown" finished-at="2026-08-12T15:42:01 IST" duration-ms="325" status="PASS">
          <reporter-output>
          </reporter-output>
        </test-method> <!-- tearDown -->
      </class> <!-- RegisterCSVTest -->
    </test> <!-- Default test -->
  </suite> <!-- Default suite -->
</testng-results>
